TN:
SF:script/DeployRecord.s.sol
DA:8,10
FN:8,DeployRecord.run
FNDA:10,DeployRecord.run
DA:16,10
DA:17,10
DA:18,10
DA:19,10
FNF:1
FNH:1
LF:5
LH:5
BRF:0
BRH:0
end_of_record
TN:
SF:script/Interactions.s.sol
DA:10,0
FN:10,MintRecord.run
FNDA:0,MintRecord.run
DA:11,0
DA:12,0
DA:15,0
FN:15,MintRecord.mintNFTOnContract
FNDA:0,MintRecord.mintNFTOnContract
DA:16,0
DA:17,0
DA:18,0
DA:21,0
FN:21,MintRecord.mintMultipleNFTsOnContract
FNDA:0,MintRecord.mintMultipleNFTsOnContract
DA:22,0
DA:23,0
DA:24,0
FNF:3
FNH:0
LF:11
LH:0
BRF:0
BRH:0
end_of_record
TN:
SF:src/Record.sol
DA:43,10
FN:43,Record.constructor
FNDA:10,Record.constructor
DA:51,10
DA:52,10
DA:53,10
DA:54,10
DA:58,8
FN:58,Record.mint
FNDA:8,Record.mint
DA:59,8
BRDA:59,0,0,1
DA:60,1
DA:62,7
BRDA:62,1,0,1
DA:63,1
DA:65,6
BRDA:65,2,0,1
DA:66,1
DA:69,5
DA:72,5
DA:75,2
FN:75,Record.withdraw
FNDA:2,Record.withdraw
DA:76,1
DA:85,1
FN:85,Record._baseURI
FNDA:1,Record._baseURI
DA:86,1
DA:89,1
FN:89,Record.tokenURI
FNDA:1,Record.tokenURI
DA:90,1
BRDA:90,3,0,-
DA:91,0
DA:93,1
DA:96,1
FN:96,Record.supply
FNDA:1,Record.supply
DA:97,1
DA:100,1
FN:100,Record.mintPrice
FNDA:1,Record.mintPrice
DA:101,1
DA:104,2
FN:104,Record.tokenCount
FNDA:2,Record.tokenCount
DA:105,2
FNF:8
FNH:8
LF:28
LH:27
BRF:4
BRH:3
end_of_record
